
Turn 10
================================================================
warning: owned entities 8, 4 collided on cell (22, 16) as the result of moves on this turn
At command 1 of 5:
>>> 1   m 8 w
    2   m 2 o
    3   m 6 o


Turn 14
================================================================
warning: entity 6 was directed to use 8 halite to move east, but only 0 halite was available
At command 1 of 3:
>>> 1   m 6 e
    2   m 0 o
    3   m 2 o


Turn 16
================================================================
warning: owned entities 6, 0 collided on cell (24, 16) as the result of moves on this turn
At command 1 of 3:
>>> 1   m 6 n
    2   m 2 w
    3   m 0 w

Other commands that placed an entity on this cell:
    1   m 6 n
    2   m 2 w
>>> 3   m 0 w


Turn 191
================================================================
warning: entity 2 was directed to use 8 halite to move west, but only 0 halite was available
At command 1 of 1:
>>> 1   m 2 w


Turn 194
================================================================
warning: entity 2 was directed to use 7 halite to move south, but only 6 halite was available
At command 1 of 1:
>>> 1   m 2 s

